1640510940560	geckodriver	INFO	Listening on 127.0.0.1:52305
1640510943687	mozrunner::runner	INFO	Running command: "C:\\Program Files\\Mozilla Firefox\\firefox.exe" "--marionette" "-no-remote" "-profile" "C:\\MYPROG~1\\Temp\\rust_mozprofilepm7UmE"
1640510945469	Marionette	INFO	Marionette enabled
console.warn: SearchSettings: "get: No settings file exists, new profile?" (new NotFoundError("Could not open the file at C:\\My Program Files\\Temp\\rust_mozprofilepm7UmE\\search.json.mozlz4", (void 0)))
1640510947707	Marionette	INFO	Listening on port 52313
1640510947900	RemoteAgent	WARN	TLS certificate errors will be ignored for this session
1640510953696	Marionette	INFO	Stopped listening on port 52313
JavaScript error: resource:///modules/Interactions.jsm, line 209: NS_ERROR_FAILURE: Component returned failure code: 0x80004005 (NS_ERROR_FAILURE) [nsIUserIdleService.removeIdleObserver]

###!!! [Parent][RunMessage] Error: Channel closing: too late to send/recv, messages will be lost

1640511199340	geckodriver	INFO	Listening on 127.0.0.1:52476
1640511202421	mozrunner::runner	INFO	Running command: "C:\\Program Files\\Mozilla Firefox\\firefox.exe" "--marionette" "-no-remote" "-profile" "C:\\MYPROG~1\\Temp\\rust_mozprofilePuesoY"
1640511202880	Marionette	INFO	Marionette enabled
console.warn: SearchSettings: "get: No settings file exists, new profile?" (new NotFoundError("Could not open the file at C:\\My Program Files\\Temp\\rust_mozprofilePuesoY\\search.json.mozlz4", (void 0)))
1640511205198	Marionette	INFO	Listening on port 52484
1640511205605	RemoteAgent	WARN	TLS certificate errors will be ignored for this session
1640511207052	Marionette	WARN	TimedPromise timed out after 500 ms: stacktrace:
TimedPromise/<@chrome://remote/content/marionette/sync.js:238:19
TimedPromise@chrome://remote/content/marionette/sync.js:223:10
interaction.flushEventLoop@chrome://remote/content/marionette/interaction.js:431:10
webdriverClickElement@chrome://remote/content/marionette/interaction.js:179:31
1640511216979	Marionette	INFO	Stopped listening on port 52484
JavaScript error: resource://gre/modules/Prompter.jsm, line 1254: NS_ERROR_NOT_AVAILABLE: prompt aborted by user
JavaScript error: resource:///modules/Interactions.jsm, line 209: NS_ERROR_FAILURE: Component returned failure code: 0x80004005 (NS_ERROR_FAILURE) [nsIUserIdleService.removeIdleObserver]

###!!! [Parent][RunMessage] Error: Channel closing: too late to send/recv, messages will be lost

